This file contains any messages produced by compilers while
running configure, to aid debugging if configure makes a mistake.

It was created by xfce4-appfinder configure 4.12.1, which was
generated by GNU Autoconf 2.69.  Invocation command line was

  $ ./configure --build=x86_64-linux-gnu --prefix=/usr --includedir=${prefix}/include --mandir=${prefix}/share/man --infodir=${prefix}/share/info --sysconfdir=/etc --localstatedir=/var --disable-silent-rules --libdir=${prefix}/lib/x86_64-linux-gnu --libexecdir=${prefix}/lib/x86_64-linux-gnu --disable-maintainer-mode --disable-dependency-tracking

## --------- ##
## Platform. ##
## --------- ##

hostname = mango
uname -m = x86_64
uname -r = 4.4.0-kfd+
uname -s = Linux
uname -v = #2 SMP Tue Oct 11 15:03:51 CEST 2016

/usr/bin/uname -p = unknown
/bin/uname -X     = unknown

/bin/arch              = unknown
/usr/bin/arch -k       = unknown
/usr/convex/getsysinfo = unknown
/usr/bin/hostinfo      = unknown
/bin/machine           = unknown
/usr/bin/oslevel       = unknown
/bin/universe          = unknown

PATH: /usr/sbin
PATH: /usr/bin
PATH: /sbin
PATH: /bin
PATH: /usr/bin/X11


## ----------- ##
## Core tests. ##
## ----------- ##

configure:2396: checking for a BSD-compatible install
configure:2464: result: /usr/bin/install -c
configure:2475: checking whether build environment is sane
configure:2530: result: yes
configure:2681: checking for a thread-safe mkdir -p
configure:2720: result: /bin/mkdir -p
configure:2727: checking for gawk
configure:2743: found /usr/bin/gawk
configure:2754: result: gawk
configure:2765: checking whether make sets $(MAKE)
configure:2787: result: yes
configure:2816: checking whether make supports nested variables
configure:2833: result: yes
configure:2922: checking whether UID '1000' is supported by ustar format
configure:2925: result: yes
configure:2932: checking whether GID '1000' is supported by ustar format
configure:2935: result: yes
configure:2943: checking how to create a ustar tar archive
configure:2954: tar --version
tar (GNU tar) 1.28
Copyright (C) 2014 Free Software Foundation, Inc.
License GPLv3+: GNU GPL version 3 or later <http://gnu.org/licenses/gpl.html>.
This is free software: you are free to change and redistribute it.
There is NO WARRANTY, to the extent permitted by law.

Written by John Gilmore and Jay Fenlason.
configure:2957: $? = 0
configure:2997: tardir=conftest.dir && eval tar --format=ustar -chf - "$tardir" >conftest.tar
configure:3000: $? = 0
configure:3004: tar -xf - <conftest.tar
configure:3007: $? = 0
configure:3009: cat conftest.dir/file
GrepMe
configure:3012: $? = 0
configure:3025: result: gnutar
configure:3078: checking whether to enable maintainer-specific portions of Makefiles
configure:3087: result: no
configure:3111: checking whether make supports nested variables
configure:3128: result: yes
configure:3152: checking for style of include used by make
configure:3180: result: GNU
configure:3251: checking for gcc
configure:3267: found /usr/bin/gcc
configure:3278: result: gcc
configure:3507: checking for C compiler version
configure:3516: gcc --version >&5
gcc (Ubuntu 5.4.0-6ubuntu1~16.04.4) 5.4.0 20160609
Copyright (C) 2015 Free Software Foundation, Inc.
This is free software; see the source for copying conditions.  There is NO
warranty; not even for MERCHANTABILITY or FITNESS FOR A PARTICULAR PURPOSE.

configure:3527: $? = 0
configure:3516: gcc -v >&5
Using built-in specs.
COLLECT_GCC=gcc
COLLECT_LTO_WRAPPER=/usr/lib/gcc/x86_64-linux-gnu/5/lto-wrapper
Target: x86_64-linux-gnu
Configured with: ../src/configure -v --with-pkgversion='Ubuntu 5.4.0-6ubuntu1~16.04.4' --with-bugurl=file:///usr/share/doc/gcc-5/README.Bugs --enable-languages=c,ada,c++,java,go,d,fortran,objc,obj-c++ --prefix=/usr --program-suffix=-5 --enable-shared --enable-linker-build-id --libexecdir=/usr/lib --without-included-gettext --enable-threads=posix --libdir=/usr/lib --enable-nls --with-sysroot=/ --enable-clocale=gnu --enable-libstdcxx-debug --enable-libstdcxx-time=yes --with-default-libstdcxx-abi=new --enable-gnu-unique-object --disable-vtable-verify --enable-libmpx --enable-plugin --with-system-zlib --disable-browser-plugin --enable-java-awt=gtk --enable-gtk-cairo --with-java-home=/usr/lib/jvm/java-1.5.0-gcj-5-amd64/jre --enable-java-home --with-jvm-root-dir=/usr/lib/jvm/java-1.5.0-gcj-5-amd64 --with-jvm-jar-dir=/usr/lib/jvm-exports/java-1.5.0-gcj-5-amd64 --with-arch-directory=amd64 --with-ecj-jar=/usr/share/java/eclipse-ecj.jar --enable-objc-gc --enable-multiarch --disable-werror --with-arch-32=i686 --with-abi=m64 --with-multilib-list=m32,m64,mx32 --enable-multilib --with-tune=generic --enable-checking=release --build=x86_64-linux-gnu --host=x86_64-linux-gnu --target=x86_64-linux-gnu
Thread model: posix
gcc version 5.4.0 20160609 (Ubuntu 5.4.0-6ubuntu1~16.04.4) 
configure:3527: $? = 0
configure:3516: gcc -V >&5
gcc: error: unrecognized command line option '-V'
gcc: fatal error: no input files
compilation terminated.
configure:3527: $? = 1
configure:3516: gcc -qversion >&5
gcc: error: unrecognized command line option '-qversion'
gcc: fatal error: no input files
compilation terminated.
configure:3527: $? = 1
configure:3547: checking whether the C compiler works
configure:3569: gcc -g -O2 -fPIE -fstack-protector-strong -Wformat -Werror=format-security -Wdate-time -D_FORTIFY_SOURCE=2 -Wl,-Bsymbolic-functions -fPIE -pie -Wl,-z,relro -Wl,-z,now -Wl,--as-needed -Wl,-O1 -Wl,-z,defs conftest.c  >&5
configure:3573: $? = 0
configure:3621: result: yes
configure:3624: checking for C compiler default output file name
configure:3626: result: a.out
configure:3632: checking for suffix of executables
configure:3639: gcc -o conftest -g -O2 -fPIE -fstack-protector-strong -Wformat -Werror=format-security -Wdate-time -D_FORTIFY_SOURCE=2 -Wl,-Bsymbolic-functions -fPIE -pie -Wl,-z,relro -Wl,-z,now -Wl,--as-needed -Wl,-O1 -Wl,-z,defs conftest.c  >&5
configure:3643: $? = 0
configure:3665: result: 
configure:3687: checking whether we are cross compiling
configure:3695: gcc -o conftest -g -O2 -fPIE -fstack-protector-strong -Wformat -Werror=format-security -Wdate-time -D_FORTIFY_SOURCE=2 -Wl,-Bsymbolic-functions -fPIE -pie -Wl,-z,relro -Wl,-z,now -Wl,--as-needed -Wl,-O1 -Wl,-z,defs conftest.c  >&5
configure:3699: $? = 0
configure:3706: ./conftest
configure:3710: $? = 0
configure:3725: result: no
configure:3730: checking for suffix of object files
configure:3752: gcc -c -g -O2 -fPIE -fstack-protector-strong -Wformat -Werror=format-security -Wdate-time -D_FORTIFY_SOURCE=2 conftest.c >&5
configure:3756: $? = 0
configure:3777: result: o
configure:3781: checking whether we are using the GNU C compiler
configure:3800: gcc -c -g -O2 -fPIE -fstack-protector-strong -Wformat -Werror=format-security -Wdate-time -D_FORTIFY_SOURCE=2 conftest.c >&5
configure:3800: $? = 0
configure:3809: result: yes
configure:3818: checking whether gcc accepts -g
configure:3838: gcc -c -g -Wdate-time -D_FORTIFY_SOURCE=2 conftest.c >&5
configure:3838: $? = 0
configure:3879: result: yes
configure:3896: checking for gcc option to accept ISO C89
configure:3959: gcc  -c -g -O2 -fPIE -fstack-protector-strong -Wformat -Werror=format-security -Wdate-time -D_FORTIFY_SOURCE=2 conftest.c >&5
configure:3959: $? = 0
configure:3972: result: none needed
configure:3997: checking whether gcc understands -c and -o together
configure:4019: gcc -c conftest.c -o conftest2.o
configure:4022: $? = 0
configure:4019: gcc -c conftest.c -o conftest2.o
configure:4022: $? = 0
configure:4034: result: yes
configure:4053: checking dependency style of gcc
configure:4164: result: none
configure:4185: checking how to run the C preprocessor
configure:4216: gcc -E -Wdate-time -D_FORTIFY_SOURCE=2 conftest.c
configure:4216: $? = 0
configure:4230: gcc -E -Wdate-time -D_FORTIFY_SOURCE=2 conftest.c
conftest.c:11:28: fatal error: ac_nonexistent.h: No such file or directory
compilation terminated.
configure:4230: $? = 1
configure: failed program was:
| /* confdefs.h */
| #define PACKAGE_NAME "xfce4-appfinder"
| #define PACKAGE_TARNAME "xfce4-appfinder"
| #define PACKAGE_VERSION "4.12.1"
| #define PACKAGE_STRING "xfce4-appfinder 4.12.1"
| #define PACKAGE_BUGREPORT "http://bugzilla.xfce.org/"
| #define PACKAGE_URL ""
| #define PACKAGE "xfce4-appfinder"
| #define VERSION "4.12.1"
| /* end confdefs.h.  */
| #include <ac_nonexistent.h>
configure:4255: result: gcc -E
configure:4275: gcc -E -Wdate-time -D_FORTIFY_SOURCE=2 conftest.c
configure:4275: $? = 0
configure:4289: gcc -E -Wdate-time -D_FORTIFY_SOURCE=2 conftest.c
conftest.c:11:28: fatal error: ac_nonexistent.h: No such file or directory
compilation terminated.
configure:4289: $? = 1
configure: failed program was:
| /* confdefs.h */
| #define PACKAGE_NAME "xfce4-appfinder"
| #define PACKAGE_TARNAME "xfce4-appfinder"
| #define PACKAGE_VERSION "4.12.1"
| #define PACKAGE_STRING "xfce4-appfinder 4.12.1"
| #define PACKAGE_BUGREPORT "http://bugzilla.xfce.org/"
| #define PACKAGE_URL ""
| #define PACKAGE "xfce4-appfinder"
| #define VERSION "4.12.1"
| /* end confdefs.h.  */
| #include <ac_nonexistent.h>
configure:4318: checking for grep that handles long lines and -e
configure:4376: result: /bin/grep
configure:4381: checking for egrep
configure:4443: result: /bin/grep -E
configure:4448: checking for ANSI C header files
configure:4468: gcc -c -g -O2 -fPIE -fstack-protector-strong -Wformat -Werror=format-security -Wdate-time -D_FORTIFY_SOURCE=2 conftest.c >&5
configure:4468: $? = 0
configure:4541: gcc -o conftest -g -O2 -fPIE -fstack-protector-strong -Wformat -Werror=format-security -Wdate-time -D_FORTIFY_SOURCE=2 -Wl,-Bsymbolic-functions -fPIE -pie -Wl,-z,relro -Wl,-z,now -Wl,--as-needed -Wl,-O1 -Wl,-z,defs conftest.c  >&5
configure:4541: $? = 0
configure:4541: ./conftest
configure:4541: $? = 0
configure:4552: result: yes
configure:4565: checking for sys/types.h
configure:4565: gcc -c -g -O2 -fPIE -fstack-protector-strong -Wformat -Werror=format-security -Wdate-time -D_FORTIFY_SOURCE=2 conftest.c >&5
configure:4565: $? = 0
configure:4565: result: yes
configure:4565: checking for sys/stat.h
configure:4565: gcc -c -g -O2 -fPIE -fstack-protector-strong -Wformat -Werror=format-security -Wdate-time -D_FORTIFY_SOURCE=2 conftest.c >&5
configure:4565: $? = 0
configure:4565: result: yes
configure:4565: checking for stdlib.h
configure:4565: gcc -c -g -O2 -fPIE -fstack-protector-strong -Wformat -Werror=format-security -Wdate-time -D_FORTIFY_SOURCE=2 conftest.c >&5
configure:4565: $? = 0
configure:4565: result: yes
configure:4565: checking for string.h
configure:4565: gcc -c -g -O2 -fPIE -fstack-protector-strong -Wformat -Werror=format-security -Wdate-time -D_FORTIFY_SOURCE=2 conftest.c >&5
configure:4565: $? = 0
configure:4565: result: yes
configure:4565: checking for memory.h
configure:4565: gcc -c -g -O2 -fPIE -fstack-protector-strong -Wformat -Werror=format-security -Wdate-time -D_FORTIFY_SOURCE=2 conftest.c >&5
configure:4565: $? = 0
configure:4565: result: yes
configure:4565: checking for strings.h
configure:4565: gcc -c -g -O2 -fPIE -fstack-protector-strong -Wformat -Werror=format-security -Wdate-time -D_FORTIFY_SOURCE=2 conftest.c >&5
configure:4565: $? = 0
configure:4565: result: yes
configure:4565: checking for inttypes.h
configure:4565: gcc -c -g -O2 -fPIE -fstack-protector-strong -Wformat -Werror=format-security -Wdate-time -D_FORTIFY_SOURCE=2 conftest.c >&5
configure:4565: $? = 0
configure:4565: result: yes
configure:4565: checking for stdint.h
configure:4565: gcc -c -g -O2 -fPIE -fstack-protector-strong -Wformat -Werror=format-security -Wdate-time -D_FORTIFY_SOURCE=2 conftest.c >&5
configure:4565: $? = 0
configure:4565: result: yes
configure:4565: checking for unistd.h
configure:4565: gcc -c -g -O2 -fPIE -fstack-protector-strong -Wformat -Werror=format-security -Wdate-time -D_FORTIFY_SOURCE=2 conftest.c >&5
configure:4565: $? = 0
configure:4565: result: yes
configure:4578: checking minix/config.h usability
configure:4578: gcc -c -g -O2 -fPIE -fstack-protector-strong -Wformat -Werror=format-security -Wdate-time -D_FORTIFY_SOURCE=2 conftest.c >&5
conftest.c:54:26: fatal error: minix/config.h: No such file or directory
compilation terminated.
configure:4578: $? = 1
configure: failed program was:
| /* confdefs.h */
| #define PACKAGE_NAME "xfce4-appfinder"
| #define PACKAGE_TARNAME "xfce4-appfinder"
| #define PACKAGE_VERSION "4.12.1"
| #define PACKAGE_STRING "xfce4-appfinder 4.12.1"
| #define PACKAGE_BUGREPORT "http://bugzilla.xfce.org/"
| #define PACKAGE_URL ""
| #define PACKAGE "xfce4-appfinder"
| #define VERSION "4.12.1"
| #define STDC_HEADERS 1
| #define HAVE_SYS_TYPES_H 1
| #define HAVE_SYS_STAT_H 1
| #define HAVE_STDLIB_H 1
| #define HAVE_STRING_H 1
| #define HAVE_MEMORY_H 1
| #define HAVE_STRINGS_H 1
| #define HAVE_INTTYPES_H 1
| #define HAVE_STDINT_H 1
| #define HAVE_UNISTD_H 1
| /* end confdefs.h.  */
| #include <stdio.h>
| #ifdef HAVE_SYS_TYPES_H
| # include <sys/types.h>
| #endif
| #ifdef HAVE_SYS_STAT_H
| # include <sys/stat.h>
| #endif
| #ifdef STDC_HEADERS
| # include <stdlib.h>
| # include <stddef.h>
| #else
| # ifdef HAVE_STDLIB_H
| #  include <stdlib.h>
| # endif
| #endif
| #ifdef HAVE_STRING_H
| # if !defined STDC_HEADERS && defined HAVE_MEMORY_H
| #  include <memory.h>
| # endif
| # include <string.h>
| #endif
| #ifdef HAVE_STRINGS_H
| # include <strings.h>
| #endif
| #ifdef HAVE_INTTYPES_H
| # include <inttypes.h>
| #endif
| #ifdef HAVE_STDINT_H
| # include <stdint.h>
| #endif
| #ifdef HAVE_UNISTD_H
| # include <unistd.h>
| #endif
| #include <minix/config.h>
configure:4578: result: no
configure:4578: checking minix/config.h presence
configure:4578: gcc -E -Wdate-time -D_FORTIFY_SOURCE=2 conftest.c
conftest.c:21:26: fatal error: minix/config.h: No such file or directory
compilation terminated.
configure:4578: $? = 1
configure: failed program was:
| /* confdefs.h */
| #define PACKAGE_NAME "xfce4-appfinder"
| #define PACKAGE_TARNAME "xfce4-appfinder"
| #define PACKAGE_VERSION "4.12.1"
| #define PACKAGE_STRING "xfce4-appfinder 4.12.1"
| #define PACKAGE_BUGREPORT "http://bugzilla.xfce.org/"
| #define PACKAGE_URL ""
| #define PACKAGE "xfce4-appfinder"
| #define VERSION "4.12.1"
| #define STDC_HEADERS 1
| #define HAVE_SYS_TYPES_H 1
| #define HAVE_SYS_STAT_H 1
| #define HAVE_STDLIB_H 1
| #define HAVE_STRING_H 1
| #define HAVE_MEMORY_H 1
| #define HAVE_STRINGS_H 1
| #define HAVE_INTTYPES_H 1
| #define HAVE_STDINT_H 1
| #define HAVE_UNISTD_H 1
| /* end confdefs.h.  */
| #include <minix/config.h>
configure:4578: result: no
configure:4578: checking for minix/config.h
configure:4578: result: no
configure:4599: checking whether it is safe to define __EXTENSIONS__
configure:4617: gcc -c -g -O2 -fPIE -fstack-protector-strong -Wformat -Werror=format-security -Wdate-time -D_FORTIFY_SOURCE=2 conftest.c >&5
configure:4617: $? = 0
configure:4624: result: yes
configure:4639: checking for library containing strerror
configure:4670: gcc -o conftest -g -O2 -fPIE -fstack-protector-strong -Wformat -Werror=format-security -Wdate-time -D_FORTIFY_SOURCE=2 -Wl,-Bsymbolic-functions -fPIE -pie -Wl,-z,relro -Wl,-z,now -Wl,--as-needed -Wl,-O1 -Wl,-z,defs conftest.c  >&5
configure:4670: $? = 0
configure:4687: result: none required
configure:4745: checking for gcc
configure:4772: result: gcc
configure:5001: checking for C compiler version
configure:5010: gcc --version >&5
gcc (Ubuntu 5.4.0-6ubuntu1~16.04.4) 5.4.0 20160609
Copyright (C) 2015 Free Software Foundation, Inc.
This is free software; see the source for copying conditions.  There is NO
warranty; not even for MERCHANTABILITY or FITNESS FOR A PARTICULAR PURPOSE.

configure:5021: $? = 0
configure:5010: gcc -v >&5
Using built-in specs.
COLLECT_GCC=gcc
COLLECT_LTO_WRAPPER=/usr/lib/gcc/x86_64-linux-gnu/5/lto-wrapper
Target: x86_64-linux-gnu
Configured with: ../src/configure -v --with-pkgversion='Ubuntu 5.4.0-6ubuntu1~16.04.4' --with-bugurl=file:///usr/share/doc/gcc-5/README.Bugs --enable-languages=c,ada,c++,java,go,d,fortran,objc,obj-c++ --prefix=/usr --program-suffix=-5 --enable-shared --enable-linker-build-id --libexecdir=/usr/lib --without-included-gettext --enable-threads=posix --libdir=/usr/lib --enable-nls --with-sysroot=/ --enable-clocale=gnu --enable-libstdcxx-debug --enable-libstdcxx-time=yes --with-default-libstdcxx-abi=new --enable-gnu-unique-object --disable-vtable-verify --enable-libmpx --enable-plugin --with-system-zlib --disable-browser-plugin --enable-java-awt=gtk --enable-gtk-cairo --with-java-home=/usr/lib/jvm/java-1.5.0-gcj-5-amd64/jre --enable-java-home --with-jvm-root-dir=/usr/lib/jvm/java-1.5.0-gcj-5-amd64 --with-jvm-jar-dir=/usr/lib/jvm-exports/java-1.5.0-gcj-5-amd64 --with-arch-directory=amd64 --with-ecj-jar=/usr/share/java/eclipse-ecj.jar --enable-objc-gc --enable-multiarch --disable-werror --with-arch-32=i686 --with-abi=m64 --with-multilib-list=m32,m64,mx32 --enable-multilib --with-tune=generic --enable-checking=release --build=x86_64-linux-gnu --host=x86_64-linux-gnu --target=x86_64-linux-gnu
Thread model: posix
gcc version 5.4.0 20160609 (Ubuntu 5.4.0-6ubuntu1~16.04.4) 
configure:5021: $? = 0
configure:5010: gcc -V >&5
gcc: error: unrecognized command line option '-V'
gcc: fatal error: no input files
compilation terminated.
configure:5021: $? = 1
configure:5010: gcc -qversion >&5
gcc: error: unrecognized command line option '-qversion'
gcc: fatal error: no input files
compilation terminated.
configure:5021: $? = 1
configure:5025: checking whether we are using the GNU C compiler
configure:5053: result: yes
configure:5062: checking whether gcc accepts -g
configure:5123: result: yes
configure:5140: checking for gcc option to accept ISO C89
configure:5216: result: none needed
configure:5241: checking whether gcc understands -c and -o together
configure:5278: result: yes
configure:5297: checking dependency style of gcc
configure:5408: result: none
configure:5428: checking build system type
configure:5442: result: x86_64-pc-linux-gnu
configure:5462: checking host system type
configure:5475: result: x86_64-pc-linux-gnu
configure:5495: checking for a sed that does not truncate output
configure:5559: result: /bin/sed
configure:5577: checking for fgrep
configure:5639: result: /bin/grep -F
configure:5666: checking how to print strings
configure:5693: result: printf
configure:5726: checking for ld used by gcc
configure:5793: result: /usr/bin/ld
configure:5800: checking if the linker (/usr/bin/ld) is GNU ld
configure:5815: result: yes
configure:5829: checking whether NLS is requested
configure:5838: result: yes
configure:5856: checking for intltool >= 0.35.0
configure:5858: result: 0.51.0 found
configure:5866: checking for intltool-update
configure:5884: found /usr/bin/intltool-update
configure:5896: result: /usr/bin/intltool-update
configure:5906: checking for intltool-merge
configure:5924: found /usr/bin/intltool-merge
configure:5936: result: /usr/bin/intltool-merge
configure:5946: checking for intltool-extract
configure:5964: found /usr/bin/intltool-extract
configure:5976: result: /usr/bin/intltool-extract
configure:6130: checking for xgettext
configure:6148: found /usr/bin/xgettext
configure:6160: result: /usr/bin/xgettext
configure:6170: checking for msgmerge
configure:6188: found /usr/bin/msgmerge
configure:6200: result: /usr/bin/msgmerge
configure:6210: checking for msgfmt
configure:6228: found /usr/bin/msgfmt
configure:6240: result: /usr/bin/msgfmt
configure:6250: checking for gmsgfmt
configure:6281: result: /usr/bin/msgfmt
configure:6301: checking for perl
configure:6319: found /usr/bin/perl
configure:6331: result: /usr/bin/perl
configure:6342: checking for perl >= 5.8.1
configure:6349: result: 5.22.1
configure:6353: checking for XML::Parser
configure:6356: result: ok
configure:6413: checking for BSD- or MS-compatible name lister (nm)
configure:6467: result: /usr/bin/nm -B
configure:6597: checking the name lister (/usr/bin/nm -B) interface
configure:6604: gcc -c -g -O2 -fPIE -fstack-protector-strong -Wformat -Werror=format-security -Wdate-time -D_FORTIFY_SOURCE=2 conftest.c >&5
configure:6607: /usr/bin/nm -B "conftest.o"
configure:6610: output
0000000000000000 B some_variable
configure:6617: result: BSD nm
configure:6620: checking whether ln -s works
configure:6624: result: yes
configure:6632: checking the maximum length of command line arguments
configure:6763: result: 1572864
configure:6811: checking how to convert x86_64-pc-linux-gnu file names to x86_64-pc-linux-gnu format
configure:6851: result: func_convert_file_noop
configure:6858: checking how to convert x86_64-pc-linux-gnu file names to toolchain format
configure:6878: result: func_convert_file_noop
configure:6885: checking for /usr/bin/ld option to reload object files
configure:6892: result: -r
configure:6966: checking for objdump
configure:6982: found /usr/bin/objdump
configure:6993: result: objdump
configure:7025: checking how to recognize dependent libraries
configure:7225: result: pass_all
configure:7310: checking for dlltool
configure:7340: result: no
configure:7370: checking how to associate runtime and link libraries
configure:7397: result: printf %s\n
configure:7457: checking for ar
configure:7473: found /usr/bin/ar
configure:7484: result: ar
configure:7521: checking for archiver @FILE support
configure:7538: gcc -c -g -O2 -fPIE -fstack-protector-strong -Wformat -Werror=format-security -Wdate-time -D_FORTIFY_SOURCE=2 conftest.c >&5
configure:7538: $? = 0
configure:7541: ar cru libconftest.a @conftest.lst >&5
ar: `u' modifier ignored since `D' is the default (see `U')
configure:7544: $? = 0
configure:7549: ar cru libconftest.a @conftest.lst >&5
ar: `u' modifier ignored since `D' is the default (see `U')
ar: conftest.o: No such file or directory
configure:7552: $? = 1
configure:7564: result: @
configure:7622: checking for strip
configure:7638: found /usr/bin/strip
configure:7649: result: strip
configure:7721: checking for ranlib
configure:7737: found /usr/bin/ranlib
configure:7748: result: ranlib
configure:7850: checking command to parse /usr/bin/nm -B output from gcc object
configure:8003: gcc -c -g -O2 -fPIE -fstack-protector-strong -Wformat -Werror=format-security -Wdate-time -D_FORTIFY_SOURCE=2 conftest.c >&5
configure:8006: $? = 0
configure:8010: /usr/bin/nm -B conftest.o \| sed -n -e 's/^.*[ ]\([ABCDGIRSTW][ABCDGIRSTW]*\)[ ][ ]*\([_A-Za-z][_A-Za-z0-9]*\)$/\1 \2 \2/p' | sed '/ __gnu_lto/d' \> conftest.nm
configure:8013: $? = 0
configure:8079: gcc -o conftest -g -O2 -fPIE -fstack-protector-strong -Wformat -Werror=format-security -Wdate-time -D_FORTIFY_SOURCE=2 -Wl,-Bsymbolic-functions -fPIE -pie -Wl,-z,relro -Wl,-z,now -Wl,--as-needed -Wl,-O1 -Wl,-z,defs conftest.c conftstm.o >&5
configure:8082: $? = 0
configure:8120: result: ok
configure:8167: checking for sysroot
configure:8197: result: no
configure:8204: checking for a working dd
configure:8242: result: /bin/dd
configure:8246: checking how to truncate binary pipes
configure:8261: result: /bin/dd bs=4096 count=1
configure:8397: gcc -c -g -O2 -fPIE -fstack-protector-strong -Wformat -Werror=format-security -Wdate-time -D_FORTIFY_SOURCE=2 conftest.c >&5
configure:8400: $? = 0
configure:8590: checking for mt
configure:8606: found /bin/mt
configure:8617: result: mt
configure:8640: checking if mt is a manifest tool
configure:8646: mt '-?'
configure:8654: result: no
configure:9328: checking for dlfcn.h
configure:9328: gcc -c -g -O2 -fPIE -fstack-protector-strong -Wformat -Werror=format-security -Wdate-time -D_FORTIFY_SOURCE=2 conftest.c >&5
configure:9328: $? = 0
configure:9328: result: yes
configure:9583: checking for objdir
configure:9598: result: .libs
configure:9858: checking if gcc supports -fno-rtti -fno-exceptions
configure:9876: gcc -c -g -O2 -fPIE -fstack-protector-strong -Wformat -Werror=format-security -Wdate-time -D_FORTIFY_SOURCE=2 -fno-rtti -fno-exceptions conftest.c >&5
cc1: warning: command line option '-fno-rtti' is valid for C++/ObjC++ but not for C
configure:9880: $? = 0
configure:9893: result: no
configure:10251: checking for gcc option to produce PIC
configure:10258: result: -fPIC -DPIC
configure:10266: checking if gcc PIC flag -fPIC -DPIC works
configure:10284: gcc -c -g -O2 -fPIE -fstack-protector-strong -Wformat -Werror=format-security -Wdate-time -D_FORTIFY_SOURCE=2 -fPIC -DPIC -DPIC conftest.c >&5
configure:10288: $? = 0
configure:10301: result: yes
configure:10330: checking if gcc static flag -static works
configure:10358: result: no
configure:10373: checking if gcc supports -c -o file.o
configure:10394: gcc -c -g -O2 -fPIE -fstack-protector-strong -Wformat -Werror=format-security -Wdate-time -D_FORTIFY_SOURCE=2 -o out/conftest2.o conftest.c >&5
configure:10398: $? = 0
configure:10420: result: yes
configure:10428: checking if gcc supports -c -o file.o
configure:10475: result: yes
configure:10508: checking whether the gcc linker (/usr/bin/ld -m elf_x86_64) supports shared libraries
configure:11771: result: yes
configure:11808: checking whether -lc should be explicitly linked in
configure:11816: gcc -c -g -O2 -fPIE -fstack-protector-strong -Wformat -Werror=format-security -Wdate-time -D_FORTIFY_SOURCE=2 conftest.c >&5
configure:11819: $? = 0
configure:11834: gcc -shared  -fPIC -DPIC conftest.o  -v -Wl,-soname -Wl,conftest -o conftest 2\>\&1 \| /bin/grep  -lc  \>/dev/null 2\>\&1
configure:11837: $? = 0
configure:11851: result: no
configure:12011: checking dynamic linker characteristics
configure:12592: gcc -o conftest -g -O2 -fPIE -fstack-protector-strong -Wformat -Werror=format-security -Wdate-time -D_FORTIFY_SOURCE=2 -Wl,-Bsymbolic-functions -fPIE -pie -Wl,-z,relro -Wl,-z,now -Wl,--as-needed -Wl,-O1 -Wl,-z,defs -Wl,-rpath -Wl,/foo conftest.c  >&5
configure:12592: $? = 0
configure:12841: result: GNU/Linux ld.so
configure:12963: checking how to hardcode library paths into programs
configure:12988: result: immediate
configure:13536: checking whether stripping libraries is possible
configure:13541: result: yes
configure:13576: checking if libtool supports shared libraries
configure:13578: result: yes
configure:13581: checking whether to build shared libraries
configure:13606: result: yes
configure:13609: checking whether to build static libraries
configure:13613: result: no
configure:13651: checking for ANSI C header files
configure:13755: result: yes
configure:13766: checking for stdlib.h
configure:13766: result: yes
configure:13766: checking for string.h
configure:13766: result: yes
configure:13766: checking errno.h usability
configure:13766: gcc -c -g -O2 -fPIE -fstack-protector-strong -Wformat -Werror=format-security -Wdate-time -D_FORTIFY_SOURCE=2 conftest.c >&5
configure:13766: $? = 0
configure:13766: result: yes
configure:13766: checking errno.h presence
configure:13766: gcc -E -Wdate-time -D_FORTIFY_SOURCE=2 conftest.c
configure:13766: $? = 0
configure:13766: result: yes
configure:13766: checking for errno.h
configure:13766: result: yes
configure:13766: checking for unistd.h
configure:13766: result: yes
configure:13779: checking for daemon
configure:13779: gcc -o conftest -g -O2 -fPIE -fstack-protector-strong -Wformat -Werror=format-security -Wdate-time -D_FORTIFY_SOURCE=2 -Wl,-Bsymbolic-functions -fPIE -pie -Wl,-z,relro -Wl,-z,now -Wl,--as-needed -Wl,-O1 -Wl,-z,defs conftest.c  >&5
configure:13779: $? = 0
configure:13779: result: yes
configure:13779: checking for setsid
configure:13779: gcc -o conftest -g -O2 -fPIE -fstack-protector-strong -Wformat -Werror=format-security -Wdate-time -D_FORTIFY_SOURCE=2 -Wl,-Bsymbolic-functions -fPIE -pie -Wl,-z,relro -Wl,-z,now -Wl,--as-needed -Wl,-O1 -Wl,-z,defs conftest.c  >&5
configure:13779: $? = 0
configure:13779: result: yes
configure:13802: checking locale.h usability
configure:13802: gcc -c -g -O2 -fPIE -fstack-protector-strong -Wformat -Werror=format-security -Wdate-time -D_FORTIFY_SOURCE=2 conftest.c >&5
configure:13802: $? = 0
configure:13802: result: yes
configure:13802: checking locale.h presence
configure:13802: gcc -E -Wdate-time -D_FORTIFY_SOURCE=2 conftest.c
configure:13802: $? = 0
configure:13802: result: yes
configure:13802: checking for locale.h
configure:13802: result: yes
configure:13813: checking for LC_MESSAGES
configure:13829: gcc -o conftest -g -O2 -fPIE -fstack-protector-strong -Wformat -Werror=format-security -Wdate-time -D_FORTIFY_SOURCE=2 -Wl,-Bsymbolic-functions -fPIE -pie -Wl,-z,relro -Wl,-z,now -Wl,--as-needed -Wl,-O1 -Wl,-z,defs conftest.c  >&5
configure:13829: $? = 0
configure:13837: result: yes
configure:13854: checking libintl.h usability
configure:13854: gcc -c -g -O2 -fPIE -fstack-protector-strong -Wformat -Werror=format-security -Wdate-time -D_FORTIFY_SOURCE=2 conftest.c >&5
configure:13854: $? = 0
configure:13854: result: yes
configure:13854: checking libintl.h presence
configure:13854: gcc -E -Wdate-time -D_FORTIFY_SOURCE=2 conftest.c
configure:13854: $? = 0
configure:13854: result: yes
configure:13854: checking for libintl.h
configure:13854: result: yes
configure:13862: checking for ngettext in libc
configure:13880: gcc -o conftest -g -O2 -fPIE -fstack-protector-strong -Wformat -Werror=format-security -Wdate-time -D_FORTIFY_SOURCE=2 -Wl,-Bsymbolic-functions -fPIE -pie -Wl,-z,relro -Wl,-z,now -Wl,--as-needed -Wl,-O1 -Wl,-z,defs conftest.c  >&5
configure:13880: $? = 0
configure:13889: result: yes
configure:13893: checking for dgettext in libc
configure:13911: gcc -o conftest -g -O2 -fPIE -fstack-protector-strong -Wformat -Werror=format-security -Wdate-time -D_FORTIFY_SOURCE=2 -Wl,-Bsymbolic-functions -fPIE -pie -Wl,-z,relro -Wl,-z,now -Wl,--as-needed -Wl,-O1 -Wl,-z,defs conftest.c  >&5
configure:13911: $? = 0
configure:13920: result: yes
configure:13927: checking for bind_textdomain_codeset
configure:13927: gcc -o conftest -g -O2 -fPIE -fstack-protector-strong -Wformat -Werror=format-security -Wdate-time -D_FORTIFY_SOURCE=2 -Wl,-Bsymbolic-functions -fPIE -pie -Wl,-z,relro -Wl,-z,now -Wl,--as-needed -Wl,-O1 -Wl,-z,defs conftest.c  >&5
configure:13927: $? = 0
configure:13927: result: yes
configure:14203: checking for msgfmt
configure:14230: result: /usr/bin/msgfmt
configure:14241: checking for dcgettext
configure:14241: gcc -o conftest -g -O2 -fPIE -fstack-protector-strong -Wformat -Werror=format-security -Wdate-time -D_FORTIFY_SOURCE=2 -Wl,-Bsymbolic-functions -fPIE -pie -Wl,-z,relro -Wl,-z,now -Wl,--as-needed -Wl,-O1 -Wl,-z,defs conftest.c   >&5
conftest.c:63:6: warning: conflicting types for built-in function 'dcgettext'
 char dcgettext ();
      ^
configure:14241: $? = 0
configure:14241: result: yes
configure:14251: checking if msgfmt accepts -c
configure:14266: $MSGFMT -c -o /dev/null conftest.foo
conftest.foo:3: warning: header field 'Language' missing in header
configure:14269: $? = 0
configure:14271: result: yes
configure:14281: checking for gmsgfmt
configure:14312: result: /usr/bin/msgfmt
configure:14322: checking for xgettext
configure:14349: result: /usr/bin/xgettext
configure:14368: gcc -o conftest -g -O2 -fPIE -fstack-protector-strong -Wformat -Werror=format-security -Wdate-time -D_FORTIFY_SOURCE=2 -Wl,-Bsymbolic-functions -fPIE -pie -Wl,-z,relro -Wl,-z,now -Wl,--as-needed -Wl,-O1 -Wl,-z,defs conftest.c   >&5
configure:14368: $? = 0
configure:14450: checking for catalogs to be installed
configure:14475: result:  am ar ast be bg bn ca cs da de el en_AU en_GB eo es et eu fi fr gl he hr hu id is it ja kk ko lt lv ms nb nl nn oc pa pl pt_BR pt ro ru si sk sl sq sr sv te th tr ug uk ur_PK ur vi zh_CN zh_HK zh_TW
configure:14508: checking for bind_textdomain_codeset
configure:14508: result: yes
configure:14514: checking for locales directory
configure:14530: result: ${datarootdir}/locale
configure:14534: checking for additional xgettext flags
configure:14542: result: --keyword=Q_ --from-code=UTF-8
configure:14606: checking for pkg-config
configure:14624: found /usr/bin/pkg-config
configure:14636: result: /usr/bin/pkg-config
configure:14661: checking pkg-config is at least version 0.9.0
configure:14664: result: yes
configure:14686: checking for glib-2.0 >= 2.30.0
configure:14690: result: 2.48.1
configure:14693: checking GLIB_CFLAGS
configure:14696: result: -I/usr/include/glib-2.0 -I/usr/lib/x86_64-linux-gnu/glib-2.0/include
configure:14699: checking GLIB_LIBS
configure:14702: result: -lglib-2.0
configure:14801: checking for pkg-config
configure:14831: result: /usr/bin/pkg-config
configure:14856: checking pkg-config is at least version 0.9.0
configure:14859: result: yes
configure:14881: checking for gthread-2.0 >= 2.30.0
configure:14885: result: 2.48.1
configure:14888: checking GTHREAD_CFLAGS
configure:14891: result: -pthread -I/usr/include/glib-2.0 -I/usr/lib/x86_64-linux-gnu/glib-2.0/include
configure:14894: checking GTHREAD_LIBS
configure:14897: result: -lgthread-2.0 -pthread -lglib-2.0
configure:14996: checking for pkg-config
configure:15026: result: /usr/bin/pkg-config
configure:15051: checking pkg-config is at least version 0.9.0
configure:15054: result: yes
configure:15076: checking for gio-2.0 >= 2.30.0
configure:15080: result: 2.48.1
configure:15083: checking GIO_CFLAGS
configure:15086: result: -pthread -I/usr/include/glib-2.0 -I/usr/lib/x86_64-linux-gnu/glib-2.0/include
configure:15089: checking GIO_LIBS
configure:15092: result: -lgio-2.0 -lgobject-2.0 -lglib-2.0
configure:15191: checking for pkg-config
configure:15221: result: /usr/bin/pkg-config
configure:15246: checking pkg-config is at least version 0.9.0
configure:15249: result: yes
configure:15271: checking for libxfce4util-1.0 >= 4.10.0
configure:15275: result: 4.12.1
configure:15278: checking LIBXFCE4UTIL_CFLAGS
configure:15281: result: -I/usr/include/xfce4 -I/usr/include/glib-2.0 -I/usr/lib/x86_64-linux-gnu/glib-2.0/include
configure:15284: checking LIBXFCE4UTIL_LIBS
configure:15287: result: -lxfce4util -lglib-2.0
configure:15386: checking for pkg-config
configure:15416: result: /usr/bin/pkg-config
configure:15441: checking pkg-config is at least version 0.9.0
configure:15444: result: yes
configure:15466: checking for garcon-1 >= 0.3.0
configure:15470: result: 0.4.0
configure:15473: checking GARCON_CFLAGS
configure:15476: result: -pthread -I/usr/include/garcon-1 -I/usr/include/glib-2.0 -I/usr/lib/x86_64-linux-gnu/glib-2.0/include
configure:15479: checking GARCON_LIBS
configure:15482: result: -lgarcon-1 -lgio-2.0 -lgthread-2.0 -pthread -lgobject-2.0 -lglib-2.0
configure:15581: checking for pkg-config
configure:15611: result: /usr/bin/pkg-config
configure:15636: checking pkg-config is at least version 0.9.0
configure:15639: result: yes
configure:15661: checking for libxfconf-0 >= 4.10.0
configure:15665: result: 4.12.0
configure:15668: checking XFCONF_CFLAGS
configure:15671: result: -I/usr/include/xfce4/xfconf-0 -I/usr/include/dbus-1.0 -I/usr/lib/x86_64-linux-gnu/dbus-1.0/include -I/usr/include/glib-2.0 -I/usr/lib/x86_64-linux-gnu/glib-2.0/include
configure:15674: checking XFCONF_LIBS
configure:15677: result: -lxfconf-0 -ldbus-glib-1 -ldbus-1 -lgobject-2.0 -lglib-2.0
configure:16176: checking for pkg-config
configure:16206: result: /usr/bin/pkg-config
configure:16231: checking pkg-config is at least version 0.9.0
configure:16234: result: yes
configure:16256: checking for libxfce4ui-1 >= 4.10.0
configure:16260: result: 4.12.1
configure:16263: checking LIBXFCE4UI_CFLAGS
configure:16266: result: -pthread -I/usr/include/xfce4/libxfce4ui-1 -I/usr/include/gtk-2.0 -I/usr/lib/x86_64-linux-gnu/gtk-2.0/include -I/usr/include/gio-unix-2.0/ -I/usr/include/cairo -I/usr/include/pango-1.0 -I/usr/include/atk-1.0 -I/usr/include/cairo -I/usr/include/pixman-1 -I/usr/include/libpng12 -I/usr/include/gdk-pixbuf-2.0 -I/usr/include/libpng12 -I/usr/include/pango-1.0 -I/usr/include/harfbuzz -I/usr/include/pango-1.0 -I/usr/include/freetype2 -I/usr/include/xfce4 -I/usr/include/glib-2.0 -I/usr/lib/x86_64-linux-gnu/glib-2.0/include
configure:16269: checking LIBXFCE4UI_LIBS
configure:16272: result: -lxfce4ui-1 -lgtk-x11-2.0 -lgdk-x11-2.0 -lpangocairo-1.0 -latk-1.0 -lcairo -lgdk_pixbuf-2.0 -lgio-2.0 -lpangoft2-1.0 -lpango-1.0 -lgobject-2.0 -lfontconfig -lfreetype -lxfce4util -lglib-2.0
configure:16371: checking for pkg-config
configure:16401: result: /usr/bin/pkg-config
configure:16426: checking pkg-config is at least version 0.9.0
configure:16429: result: yes
configure:16451: checking for gtk+-2.0 >= 2.24.0
configure:16455: result: 2.24.30
configure:16458: checking GTK_CFLAGS
configure:16461: result: -pthread -I/usr/include/gtk-2.0 -I/usr/lib/x86_64-linux-gnu/gtk-2.0/include -I/usr/include/gio-unix-2.0/ -I/usr/include/cairo -I/usr/include/pango-1.0 -I/usr/include/atk-1.0 -I/usr/include/cairo -I/usr/include/pixman-1 -I/usr/include/libpng12 -I/usr/include/gdk-pixbuf-2.0 -I/usr/include/libpng12 -I/usr/include/pango-1.0 -I/usr/include/harfbuzz -I/usr/include/pango-1.0 -I/usr/include/glib-2.0 -I/usr/lib/x86_64-linux-gnu/glib-2.0/include -I/usr/include/freetype2
configure:16464: checking GTK_LIBS
configure:16467: result: -lgtk-x11-2.0 -lgdk-x11-2.0 -lpangocairo-1.0 -latk-1.0 -lcairo -lgdk_pixbuf-2.0 -lgio-2.0 -lpangoft2-1.0 -lpango-1.0 -lgobject-2.0 -lglib-2.0 -lfontconfig -lfreetype
configure:16525: checking whether to build with debugging support
configure:16606: result: minimum
configure:16623: checking whether /usr/bin/ld -m elf_x86_64 accepts --as-needed
configure:16628: result: yes
configure:16637: checking whether /usr/bin/ld -m elf_x86_64 accepts -O1
configure:16642: result: yes
configure:16653: checking PLATFORM_CPPFLAGS
configure:16655: result: 
configure:16658: checking PLATFORM_CFLAGS
configure:16660: result: 
configure:16663: checking PLATFORM_LDFLAGS
configure:16665: result: 
configure:16780: checking that generated files are newer than configure
configure:16786: result: done
configure:16825: creating ./config.status

## ---------------------- ##
## Running config.status. ##
## ---------------------- ##

This file was extended by xfce4-appfinder config.status 4.12.1, which was
generated by GNU Autoconf 2.69.  Invocation command line was

  CONFIG_FILES    = 
  CONFIG_HEADERS  = 
  CONFIG_LINKS    = 
  CONFIG_COMMANDS = 
  $ ./config.status 

on mango

config.status:1237: creating Makefile
config.status:1237: creating expreval/Makefile
config.status:1237: creating data/Makefile
config.status:1237: creating src/Makefile
config.status:1237: creating po/Makefile.in
config.status:1237: creating config.h
config.status:1466: executing depfiles commands
config.status:1466: executing libtool commands
config.status:1466: executing default-1 commands
config.status:1466: executing po/stamp-it commands

## ---------------- ##
## Cache variables. ##
## ---------------- ##

ac_cv_build=x86_64-pc-linux-gnu
ac_cv_c_compiler_gnu=yes
ac_cv_env_CC_set=
ac_cv_env_CC_value=
ac_cv_env_CFLAGS_set=set
ac_cv_env_CFLAGS_value='-g -O2 -fPIE -fstack-protector-strong -Wformat -Werror=format-security'
ac_cv_env_CPPFLAGS_set=set
ac_cv_env_CPPFLAGS_value='-Wdate-time -D_FORTIFY_SOURCE=2'
ac_cv_env_CPP_set=
ac_cv_env_CPP_value=
ac_cv_env_LDFLAGS_set=set
ac_cv_env_LDFLAGS_value='-Wl,-Bsymbolic-functions -fPIE -pie -Wl,-z,relro -Wl,-z,now -Wl,--as-needed -Wl,-O1 -Wl,-z,defs'
ac_cv_env_LIBS_set=
ac_cv_env_LIBS_value=
ac_cv_env_LT_SYS_LIBRARY_PATH_set=
ac_cv_env_LT_SYS_LIBRARY_PATH_value=
ac_cv_env_PKG_CONFIG_LIBDIR_set=
ac_cv_env_PKG_CONFIG_LIBDIR_value=
ac_cv_env_PKG_CONFIG_PATH_set=
ac_cv_env_PKG_CONFIG_PATH_value=
ac_cv_env_PKG_CONFIG_set=
ac_cv_env_PKG_CONFIG_value=
ac_cv_env_build_alias_set=set
ac_cv_env_build_alias_value=x86_64-linux-gnu
ac_cv_env_host_alias_set=
ac_cv_env_host_alias_value=
ac_cv_env_target_alias_set=
ac_cv_env_target_alias_value=
ac_cv_func_bind_textdomain_codeset=yes
ac_cv_func_daemon=yes
ac_cv_func_dcgettext=yes
ac_cv_func_setsid=yes
ac_cv_header_dlfcn_h=yes
ac_cv_header_errno_h=yes
ac_cv_header_inttypes_h=yes
ac_cv_header_libintl_h=yes
ac_cv_header_locale_h=yes
ac_cv_header_memory_h=yes
ac_cv_header_minix_config_h=no
ac_cv_header_stdc=yes
ac_cv_header_stdint_h=yes
ac_cv_header_stdlib_h=yes
ac_cv_header_string_h=yes
ac_cv_header_strings_h=yes
ac_cv_header_sys_stat_h=yes
ac_cv_header_sys_types_h=yes
ac_cv_header_unistd_h=yes
ac_cv_host=x86_64-pc-linux-gnu
ac_cv_objext=o
ac_cv_path_EGREP='/bin/grep -E'
ac_cv_path_FGREP='/bin/grep -F'
ac_cv_path_GMSGFMT=/usr/bin/msgfmt
ac_cv_path_GREP=/bin/grep
ac_cv_path_INTLTOOL_EXTRACT=/usr/bin/intltool-extract
ac_cv_path_INTLTOOL_MERGE=/usr/bin/intltool-merge
ac_cv_path_INTLTOOL_PERL=/usr/bin/perl
ac_cv_path_INTLTOOL_UPDATE=/usr/bin/intltool-update
ac_cv_path_MSGFMT=/usr/bin/msgfmt
ac_cv_path_MSGMERGE=/usr/bin/msgmerge
ac_cv_path_SED=/bin/sed
ac_cv_path_XGETTEXT=/usr/bin/xgettext
ac_cv_path_ac_pt_PKG_CONFIG=/usr/bin/pkg-config
ac_cv_path_install='/usr/bin/install -c'
ac_cv_path_lt_DD=/bin/dd
ac_cv_path_mkdir=/bin/mkdir
ac_cv_prog_AWK=gawk
ac_cv_prog_CPP='gcc -E'
ac_cv_prog_ac_ct_AR=ar
ac_cv_prog_ac_ct_CC=gcc
ac_cv_prog_ac_ct_MANIFEST_TOOL=mt
ac_cv_prog_ac_ct_OBJDUMP=objdump
ac_cv_prog_ac_ct_RANLIB=ranlib
ac_cv_prog_ac_ct_STRIP=strip
ac_cv_prog_cc_c89=
ac_cv_prog_cc_g=yes
ac_cv_prog_make_make_set=yes
ac_cv_safe_to_define___extensions__=yes
ac_cv_search_strerror='none required'
am_cv_CC_dependencies_compiler_type=none
am_cv_make_support_nested_variables=yes
am_cv_prog_cc_c_o=yes
am_cv_prog_tar_ustar=gnutar
am_cv_val_LC_MESSAGES=yes
gt_cv_func_dgettext_libc=yes
gt_cv_func_dgettext_libintl=no
gt_cv_func_ngettext_libc=yes
gt_cv_have_gettext=yes
lt_cv_ar_at_file=@
lt_cv_archive_cmds_need_lc=no
lt_cv_deplibs_check_method=pass_all
lt_cv_file_magic_cmd='$MAGIC_CMD'
lt_cv_file_magic_test_file=
lt_cv_ld_reload_flag=-r
lt_cv_nm_interface='BSD nm'
lt_cv_objdir=.libs
lt_cv_path_LD=/usr/bin/ld
lt_cv_path_NM='/usr/bin/nm -B'
lt_cv_path_mainfest_tool=no
lt_cv_prog_compiler_c_o=yes
lt_cv_prog_compiler_pic='-fPIC -DPIC'
lt_cv_prog_compiler_pic_works=yes
lt_cv_prog_compiler_rtti_exceptions=no
lt_cv_prog_compiler_static_works=no
lt_cv_prog_gnu_ld=yes
lt_cv_sharedlib_from_linklib_cmd='printf %s\n'
lt_cv_shlibpath_overrides_runpath=no
lt_cv_sys_global_symbol_pipe='sed -n -e '\''s/^.*[	 ]\([ABCDGIRSTW][ABCDGIRSTW]*\)[	 ][	 ]*\([_A-Za-z][_A-Za-z0-9]*\)$/\1 \2 \2/p'\'' | sed '\''/ __gnu_lto/d'\'''
lt_cv_sys_global_symbol_to_c_name_address='sed -n -e '\''s/^: \(.*\) .*$/  {"\1", (void *) 0},/p'\'' -e '\''s/^[ABCDGIRSTW][ABCDGIRSTW]* .* \(.*\)$/  {"\1", (void *) \&\1},/p'\'''
lt_cv_sys_global_symbol_to_c_name_address_lib_prefix='sed -n -e '\''s/^: \(.*\) .*$/  {"\1", (void *) 0},/p'\'' -e '\''s/^[ABCDGIRSTW][ABCDGIRSTW]* .* \(lib.*\)$/  {"\1", (void *) \&\1},/p'\'' -e '\''s/^[ABCDGIRSTW][ABCDGIRSTW]* .* \(.*\)$/  {"lib\1", (void *) \&\1},/p'\'''
lt_cv_sys_global_symbol_to_cdecl='sed -n -e '\''s/^T .* \(.*\)$/extern int \1();/p'\'' -e '\''s/^[ABCDGIRSTW][ABCDGIRSTW]* .* \(.*\)$/extern char \1;/p'\'''
lt_cv_sys_global_symbol_to_import=
lt_cv_sys_max_cmd_len=1572864
lt_cv_to_host_file_cmd=func_convert_file_noop
lt_cv_to_tool_file_cmd=func_convert_file_noop
lt_cv_truncate_bin='/bin/dd bs=4096 count=1'
xdt_cv_PKG_CONFIG_MIN_VERSION=0.9.0

## ----------------- ##
## Output variables. ##
## ----------------- ##

ACLOCAL='${SHELL} /media/storage/opt/xfce4/xfce4-appfinder/missing aclocal-1.15'
ALL_LINGUAS='am ar ast be bg bn ca cs da de el en_AU en_GB eo es et eu fi fr gl he hr hu id is it ja kk ko lt lv ms nb nl nn oc pa pl pt_BR pt ro ru si sk sl sq sr sv te th tr ug uk ur_PK ur vi zh_CN zh_HK zh_TW '
AMDEPBACKSLASH=''
AMDEP_FALSE=''
AMDEP_TRUE='#'
AMTAR='$${TAR-tar}'
AM_BACKSLASH='\'
AM_DEFAULT_V='$(AM_DEFAULT_VERBOSITY)'
AM_DEFAULT_VERBOSITY='1'
AM_V='$(V)'
AR='ar'
AUTOCONF='${SHELL} /media/storage/opt/xfce4/xfce4-appfinder/missing autoconf'
AUTOHEADER='${SHELL} /media/storage/opt/xfce4/xfce4-appfinder/missing autoheader'
AUTOMAKE='${SHELL} /media/storage/opt/xfce4/xfce4-appfinder/missing automake-1.15'
AWK='gawk'
CATALOGS=' am.gmo ar.gmo ast.gmo be.gmo bg.gmo bn.gmo ca.gmo cs.gmo da.gmo de.gmo el.gmo en_AU.gmo en_GB.gmo eo.gmo es.gmo et.gmo eu.gmo fi.gmo fr.gmo gl.gmo he.gmo hr.gmo hu.gmo id.gmo is.gmo it.gmo ja.gmo kk.gmo ko.gmo lt.gmo lv.gmo ms.gmo nb.gmo nl.gmo nn.gmo oc.gmo pa.gmo pl.gmo pt_BR.gmo pt.gmo ro.gmo ru.gmo si.gmo sk.gmo sl.gmo sq.gmo sr.gmo sv.gmo te.gmo th.gmo tr.gmo ug.gmo uk.gmo ur_PK.gmo ur.gmo vi.gmo zh_CN.gmo zh_HK.gmo zh_TW.gmo'
CATOBJEXT='.gmo'
CC='gcc'
CCDEPMODE='depmode=none'
CFLAGS='-g -O2 -fPIE -fstack-protector-strong -Wformat -Werror=format-security'
CPP='gcc -E'
CPPFLAGS='-Wdate-time -D_FORTIFY_SOURCE=2 -DNDEBUG'
CYGPATH_W='echo'
DATADIRNAME='share'
DEFS='-DHAVE_CONFIG_H'
DEPDIR='.deps'
DLLTOOL='false'
DSYMUTIL=''
DUMPBIN=''
ECHO_C=''
ECHO_N='-n'
ECHO_T=''
EGREP='/bin/grep -E'
ENABLE_GTK3_FALSE=''
ENABLE_GTK3_TRUE='#'
EXEEXT=''
FGREP='/bin/grep -F'
GARCON_CFLAGS='-pthread -I/usr/include/garcon-1 -I/usr/include/glib-2.0 -I/usr/lib/x86_64-linux-gnu/glib-2.0/include'
GARCON_LIBS='-lgarcon-1 -lgio-2.0 -lgthread-2.0 -pthread -lgobject-2.0 -lglib-2.0'
GARCON_REQUIRED_VERSION='0.3.0'
GARCON_VERSION='0.4.0'
GETTEXT_PACKAGE='xfce4-appfinder'
GIO_CFLAGS='-pthread -I/usr/include/glib-2.0 -I/usr/lib/x86_64-linux-gnu/glib-2.0/include'
GIO_LIBS='-lgio-2.0 -lgobject-2.0 -lglib-2.0'
GIO_REQUIRED_VERSION='2.30.0'
GIO_VERSION='2.48.1'
GLIB_CFLAGS='-I/usr/include/glib-2.0 -I/usr/lib/x86_64-linux-gnu/glib-2.0/include'
GLIB_LIBS='-lglib-2.0'
GLIB_REQUIRED_VERSION='2.30.0'
GLIB_VERSION='2.48.1'
GMOFILES=' am.gmo ar.gmo ast.gmo be.gmo bg.gmo bn.gmo ca.gmo cs.gmo da.gmo de.gmo el.gmo en_AU.gmo en_GB.gmo eo.gmo es.gmo et.gmo eu.gmo fi.gmo fr.gmo gl.gmo he.gmo hr.gmo hu.gmo id.gmo is.gmo it.gmo ja.gmo kk.gmo ko.gmo lt.gmo lv.gmo ms.gmo nb.gmo nl.gmo nn.gmo oc.gmo pa.gmo pl.gmo pt_BR.gmo pt.gmo ro.gmo ru.gmo si.gmo sk.gmo sl.gmo sq.gmo sr.gmo sv.gmo te.gmo th.gmo tr.gmo ug.gmo uk.gmo ur_PK.gmo ur.gmo vi.gmo zh_CN.gmo zh_HK.gmo zh_TW.gmo'
GMSGFMT='/usr/bin/msgfmt'
GREP='/bin/grep'
GTHREAD_CFLAGS='-pthread -I/usr/include/glib-2.0 -I/usr/lib/x86_64-linux-gnu/glib-2.0/include'
GTHREAD_LIBS='-lgthread-2.0 -pthread -lglib-2.0'
GTHREAD_REQUIRED_VERSION='2.30.0'
GTHREAD_VERSION='2.48.1'
GTK_CFLAGS='-pthread -I/usr/include/gtk-2.0 -I/usr/lib/x86_64-linux-gnu/gtk-2.0/include -I/usr/include/gio-unix-2.0/ -I/usr/include/cairo -I/usr/include/pango-1.0 -I/usr/include/atk-1.0 -I/usr/include/cairo -I/usr/include/pixman-1 -I/usr/include/libpng12 -I/usr/include/gdk-pixbuf-2.0 -I/usr/include/libpng12 -I/usr/include/pango-1.0 -I/usr/include/harfbuzz -I/usr/include/pango-1.0 -I/usr/include/glib-2.0 -I/usr/lib/x86_64-linux-gnu/glib-2.0/include -I/usr/include/freetype2'
GTK_LIBS='-lgtk-x11-2.0 -lgdk-x11-2.0 -lpangocairo-1.0 -latk-1.0 -lcairo -lgdk_pixbuf-2.0 -lgio-2.0 -lpangoft2-1.0 -lpango-1.0 -lgobject-2.0 -lglib-2.0 -lfontconfig -lfreetype'
GTK_REQUIRED_VERSION='2.24.0'
GTK_VERSION='2.24.30'
INSTALL_DATA='${INSTALL} -m 644'
INSTALL_PROGRAM='${INSTALL}'
INSTALL_SCRIPT='${INSTALL}'
INSTALL_STRIP_PROGRAM='$(install_sh) -c -s'
INSTOBJEXT='.mo'
INTLLIBS=''
INTLTOOL_CAVES_RULE='%.caves:     %.caves.in     $(INTLTOOL_MERGE) $(wildcard $(top_srcdir)/po/*.po) ; $(INTLTOOL_V_MERGE)LC_ALL=C $(INTLTOOL_MERGE) $(INTLTOOL_V_MERGE_OPTIONS) -d -u -c $(top_builddir)/po/.intltool-merge-cache $(top_srcdir)/po $< $@'
INTLTOOL_DESKTOP_RULE='%.desktop:   %.desktop.in   $(INTLTOOL_MERGE) $(wildcard $(top_srcdir)/po/*.po) ; $(INTLTOOL_V_MERGE)LC_ALL=C $(INTLTOOL_MERGE) $(INTLTOOL_V_MERGE_OPTIONS) -d -u -c $(top_builddir)/po/.intltool-merge-cache $(top_srcdir)/po $< $@'
INTLTOOL_DIRECTORY_RULE='%.directory: %.directory.in $(INTLTOOL_MERGE) $(wildcard $(top_srcdir)/po/*.po) ; $(INTLTOOL_V_MERGE)LC_ALL=C $(INTLTOOL_MERGE) $(INTLTOOL_V_MERGE_OPTIONS) -d -u -c $(top_builddir)/po/.intltool-merge-cache $(top_srcdir)/po $< $@'
INTLTOOL_EXTRACT='/usr/bin/intltool-extract'
INTLTOOL_KBD_RULE='%.kbd:       %.kbd.in       $(INTLTOOL_MERGE) $(wildcard $(top_srcdir)/po/*.po) ; $(INTLTOOL_V_MERGE)LC_ALL=C $(INTLTOOL_MERGE) $(INTLTOOL_V_MERGE_OPTIONS) -x -u -m -c $(top_builddir)/po/.intltool-merge-cache $(top_srcdir)/po $< $@'
INTLTOOL_KEYS_RULE='%.keys:      %.keys.in      $(INTLTOOL_MERGE) $(wildcard $(top_srcdir)/po/*.po) ; $(INTLTOOL_V_MERGE)LC_ALL=C $(INTLTOOL_MERGE) $(INTLTOOL_V_MERGE_OPTIONS) -k -u -c $(top_builddir)/po/.intltool-merge-cache $(top_srcdir)/po $< $@'
INTLTOOL_MERGE='/usr/bin/intltool-merge'
INTLTOOL_OAF_RULE='%.oaf:       %.oaf.in       $(INTLTOOL_MERGE) $(wildcard $(top_srcdir)/po/*.po) ; $(INTLTOOL_V_MERGE)LC_ALL=C $(INTLTOOL_MERGE) $(INTLTOOL_V_MERGE_OPTIONS) -o -p $(top_srcdir)/po $< $@'
INTLTOOL_PERL='/usr/bin/perl'
INTLTOOL_POLICY_RULE='%.policy:    %.policy.in    $(INTLTOOL_MERGE) $(wildcard $(top_srcdir)/po/*.po) ; $(INTLTOOL_V_MERGE)LC_ALL=C $(INTLTOOL_MERGE) $(INTLTOOL_V_MERGE_OPTIONS) -x -u -c $(top_builddir)/po/.intltool-merge-cache $(top_srcdir)/po $< $@'
INTLTOOL_PONG_RULE='%.pong:      %.pong.in      $(INTLTOOL_MERGE) $(wildcard $(top_srcdir)/po/*.po) ; $(INTLTOOL_V_MERGE)LC_ALL=C $(INTLTOOL_MERGE) $(INTLTOOL_V_MERGE_OPTIONS) -x -u -c $(top_builddir)/po/.intltool-merge-cache $(top_srcdir)/po $< $@'
INTLTOOL_PROP_RULE='%.prop:      %.prop.in      $(INTLTOOL_MERGE) $(wildcard $(top_srcdir)/po/*.po) ; $(INTLTOOL_V_MERGE)LC_ALL=C $(INTLTOOL_MERGE) $(INTLTOOL_V_MERGE_OPTIONS) -d -u -c $(top_builddir)/po/.intltool-merge-cache $(top_srcdir)/po $< $@'
INTLTOOL_SCHEMAS_RULE='%.schemas:   %.schemas.in   $(INTLTOOL_MERGE) $(wildcard $(top_srcdir)/po/*.po) ; $(INTLTOOL_V_MERGE)LC_ALL=C $(INTLTOOL_MERGE) $(INTLTOOL_V_MERGE_OPTIONS) -s -u -c $(top_builddir)/po/.intltool-merge-cache $(top_srcdir)/po $< $@'
INTLTOOL_SERVER_RULE='%.server:    %.server.in    $(INTLTOOL_MERGE) $(wildcard $(top_srcdir)/po/*.po) ; $(INTLTOOL_V_MERGE)LC_ALL=C $(INTLTOOL_MERGE) $(INTLTOOL_V_MERGE_OPTIONS) -o -u -c $(top_builddir)/po/.intltool-merge-cache $(top_srcdir)/po $< $@'
INTLTOOL_SERVICE_RULE='%.service: %.service.in   $(INTLTOOL_MERGE) $(wildcard $(top_srcdir)/po/*.po) ; $(INTLTOOL_V_MERGE)LC_ALL=C $(INTLTOOL_MERGE) $(INTLTOOL_V_MERGE_OPTIONS) -d -u -c $(top_builddir)/po/.intltool-merge-cache $(top_srcdir)/po $< $@'
INTLTOOL_SHEET_RULE='%.sheet:     %.sheet.in     $(INTLTOOL_MERGE) $(wildcard $(top_srcdir)/po/*.po) ; $(INTLTOOL_V_MERGE)LC_ALL=C $(INTLTOOL_MERGE) $(INTLTOOL_V_MERGE_OPTIONS) -x -u -c $(top_builddir)/po/.intltool-merge-cache $(top_srcdir)/po $< $@'
INTLTOOL_SOUNDLIST_RULE='%.soundlist: %.soundlist.in $(INTLTOOL_MERGE) $(wildcard $(top_srcdir)/po/*.po) ; $(INTLTOOL_V_MERGE)LC_ALL=C $(INTLTOOL_MERGE) $(INTLTOOL_V_MERGE_OPTIONS) -d -u -c $(top_builddir)/po/.intltool-merge-cache $(top_srcdir)/po $< $@'
INTLTOOL_THEME_RULE='%.theme:     %.theme.in     $(INTLTOOL_MERGE) $(wildcard $(top_srcdir)/po/*.po) ; $(INTLTOOL_V_MERGE)LC_ALL=C $(INTLTOOL_MERGE) $(INTLTOOL_V_MERGE_OPTIONS) -d -u -c $(top_builddir)/po/.intltool-merge-cache $(top_srcdir)/po $< $@'
INTLTOOL_UI_RULE='%.ui:        %.ui.in        $(INTLTOOL_MERGE) $(wildcard $(top_srcdir)/po/*.po) ; $(INTLTOOL_V_MERGE)LC_ALL=C $(INTLTOOL_MERGE) $(INTLTOOL_V_MERGE_OPTIONS) -x -u -c $(top_builddir)/po/.intltool-merge-cache $(top_srcdir)/po $< $@'
INTLTOOL_UPDATE='/usr/bin/intltool-update'
INTLTOOL_V_MERGE='$(INTLTOOL__v_MERGE_$(V))'
INTLTOOL_V_MERGE_OPTIONS='$(intltool__v_merge_options_$(V))'
INTLTOOL_XAM_RULE='%.xam:       %.xml.in       $(INTLTOOL_MERGE) $(wildcard $(top_srcdir)/po/*.po) ; $(INTLTOOL_V_MERGE)LC_ALL=C $(INTLTOOL_MERGE) $(INTLTOOL_V_MERGE_OPTIONS) -x -u -c $(top_builddir)/po/.intltool-merge-cache $(top_srcdir)/po $< $@'
INTLTOOL_XML_NOMERGE_RULE='%.xml:       %.xml.in       $(INTLTOOL_MERGE) ; $(INTLTOOL_V_MERGE)LC_ALL=C $(INTLTOOL_MERGE) $(INTLTOOL_V_MERGE_OPTIONS) -x -u --no-translations $< $@'
INTLTOOL_XML_RULE='%.xml:       %.xml.in       $(INTLTOOL_MERGE) $(wildcard $(top_srcdir)/po/*.po) ; $(INTLTOOL_V_MERGE)LC_ALL=C $(INTLTOOL_MERGE) $(INTLTOOL_V_MERGE_OPTIONS) -x -u -c $(top_builddir)/po/.intltool-merge-cache $(top_srcdir)/po $< $@'
INTLTOOL__v_MERGE_0='@echo "  ITMRG " $@;'
INTLTOOL__v_MERGE_='$(INTLTOOL__v_MERGE_$(AM_DEFAULT_VERBOSITY))'
LD='/usr/bin/ld -m elf_x86_64'
LDFLAGS='-Wl,-Bsymbolic-functions -fPIE -pie -Wl,-z,relro -Wl,-z,now -Wl,--as-needed -Wl,-O1 -Wl,-z,defs -Wl,--as-needed -Wl,-O1'
LIBOBJS=''
LIBS=''
LIBTOOL='$(SHELL) $(top_builddir)/libtool'
LIBXFCE4UI_CFLAGS='-pthread -I/usr/include/xfce4/libxfce4ui-1 -I/usr/include/gtk-2.0 -I/usr/lib/x86_64-linux-gnu/gtk-2.0/include -I/usr/include/gio-unix-2.0/ -I/usr/include/cairo -I/usr/include/pango-1.0 -I/usr/include/atk-1.0 -I/usr/include/cairo -I/usr/include/pixman-1 -I/usr/include/libpng12 -I/usr/include/gdk-pixbuf-2.0 -I/usr/include/libpng12 -I/usr/include/pango-1.0 -I/usr/include/harfbuzz -I/usr/include/pango-1.0 -I/usr/include/freetype2 -I/usr/include/xfce4 -I/usr/include/glib-2.0 -I/usr/lib/x86_64-linux-gnu/glib-2.0/include'
LIBXFCE4UI_LIBS='-lxfce4ui-1 -lgtk-x11-2.0 -lgdk-x11-2.0 -lpangocairo-1.0 -latk-1.0 -lcairo -lgdk_pixbuf-2.0 -lgio-2.0 -lpangoft2-1.0 -lpango-1.0 -lgobject-2.0 -lfontconfig -lfreetype -lxfce4util -lglib-2.0'
LIBXFCE4UI_REQUIRED_VERSION='4.10.0'
LIBXFCE4UI_VERSION='4.12.1'
LIBXFCE4UTIL_CFLAGS='-I/usr/include/xfce4 -I/usr/include/glib-2.0 -I/usr/lib/x86_64-linux-gnu/glib-2.0/include'
LIBXFCE4UTIL_LIBS='-lxfce4util -lglib-2.0'
LIBXFCE4UTIL_REQUIRED_VERSION='4.10.0'
LIBXFCE4UTIL_VERSION='4.12.1'
LIPO=''
LN_S='ln -s'
LTLIBOBJS=''
LT_SYS_LIBRARY_PATH=''
MAINT='#'
MAINTAINER_MODE_FALSE=''
MAINTAINER_MODE_TRUE='#'
MAKEINFO='${SHELL} /media/storage/opt/xfce4/xfce4-appfinder/missing makeinfo'
MANIFEST_TOOL=':'
MKDIR_P='/bin/mkdir -p'
MKINSTALLDIRS='./mkinstalldirs'
MSGFMT='/usr/bin/msgfmt'
MSGFMT_OPTS='-c'
MSGMERGE='/usr/bin/msgmerge'
NM='/usr/bin/nm -B'
NMEDIT=''
OBJDUMP='objdump'
OBJEXT='o'
OTOOL64=''
OTOOL=''
PACKAGE='xfce4-appfinder'
PACKAGE_BUGREPORT='http://bugzilla.xfce.org/'
PACKAGE_NAME='xfce4-appfinder'
PACKAGE_STRING='xfce4-appfinder 4.12.1'
PACKAGE_TARNAME='xfce4-appfinder'
PACKAGE_URL=''
PACKAGE_VERSION='4.12.1'
PATH_SEPARATOR=':'
PKG_CONFIG='/usr/bin/pkg-config'
PKG_CONFIG_LIBDIR=''
PKG_CONFIG_PATH=''
PLATFORM_CFLAGS=''
PLATFORM_CPPFLAGS=''
PLATFORM_LDFLAGS=''
POFILES=' am.po ar.po ast.po be.po bg.po bn.po ca.po cs.po da.po de.po el.po en_AU.po en_GB.po eo.po es.po et.po eu.po fi.po fr.po gl.po he.po hr.po hu.po id.po is.po it.po ja.po kk.po ko.po lt.po lv.po ms.po nb.po nl.po nn.po oc.po pa.po pl.po pt_BR.po pt.po ro.po ru.po si.po sk.po sl.po sq.po sr.po sv.po te.po th.po tr.po ug.po uk.po ur_PK.po ur.po vi.po zh_CN.po zh_HK.po zh_TW.po'
POSUB='po'
PO_IN_DATADIR_FALSE=''
PO_IN_DATADIR_TRUE=''
RANLIB='ranlib'
SED='/bin/sed'
SET_MAKE=''
SHELL='/bin/sh'
STRIP='strip'
USE_NLS='yes'
VERSION='4.12.1'
XFCONF_CFLAGS='-I/usr/include/xfce4/xfconf-0 -I/usr/include/dbus-1.0 -I/usr/lib/x86_64-linux-gnu/dbus-1.0/include -I/usr/include/glib-2.0 -I/usr/lib/x86_64-linux-gnu/glib-2.0/include'
XFCONF_LIBS='-lxfconf-0 -ldbus-glib-1 -ldbus-1 -lgobject-2.0 -lglib-2.0'
XFCONF_REQUIRED_VERSION='4.10.0'
XFCONF_VERSION='4.12.0'
XGETTEXT='/usr/bin/xgettext'
XGETTEXT_ARGS='--keyword=Q_ --from-code=UTF-8'
ac_ct_AR='ar'
ac_ct_CC='gcc'
ac_ct_DUMPBIN=''
am__EXEEXT_FALSE=''
am__EXEEXT_TRUE='#'
am__fastdepCC_FALSE=''
am__fastdepCC_TRUE='#'
am__include='include'
am__isrc=''
am__leading_dot='.'
am__nodep=''
am__quote=''
am__tar='tar --format=ustar -chf - "$$tardir"'
am__untar='tar -xf -'
bindir='${exec_prefix}/bin'
build='x86_64-pc-linux-gnu'
build_alias='x86_64-linux-gnu'
build_cpu='x86_64'
build_os='linux-gnu'
build_vendor='pc'
datadir='${datarootdir}'
datarootdir='${prefix}/share'
docdir='${datarootdir}/doc/${PACKAGE_TARNAME}'
dvidir='${docdir}'
exec_prefix='${prefix}'
host='x86_64-pc-linux-gnu'
host_alias=''
host_cpu='x86_64'
host_os='linux-gnu'
host_vendor='pc'
htmldir='${docdir}'
includedir='${prefix}/include'
infodir='${prefix}/share/info'
install_sh='${SHELL} /media/storage/opt/xfce4/xfce4-appfinder/install-sh'
intltool__v_merge_options_0='-q'
intltool__v_merge_options_='$(intltool__v_merge_options_$(AM_DEFAULT_VERBOSITY))'
libdir='${prefix}/lib/x86_64-linux-gnu'
libexecdir='${prefix}/lib/x86_64-linux-gnu'
localedir='${datarootdir}/locale'
localstatedir='/var'
mandir='${prefix}/share/man'
mkdir_p='$(MKDIR_P)'
oldincludedir='/usr/include'
pdfdir='${docdir}'
prefix='/usr'
program_transform_name='s,x,x,'
psdir='${docdir}'
runstatedir='${localstatedir}/run'
sbindir='${exec_prefix}/sbin'
sharedstatedir='${prefix}/com'
sysconfdir='/etc'
target_alias=''

## ----------- ##
## confdefs.h. ##
## ----------- ##

/* confdefs.h */
#define PACKAGE_NAME "xfce4-appfinder"
#define PACKAGE_TARNAME "xfce4-appfinder"
#define PACKAGE_VERSION "4.12.1"
#define PACKAGE_STRING "xfce4-appfinder 4.12.1"
#define PACKAGE_BUGREPORT "http://bugzilla.xfce.org/"
#define PACKAGE_URL ""
#define PACKAGE "xfce4-appfinder"
#define VERSION "4.12.1"
#define STDC_HEADERS 1
#define HAVE_SYS_TYPES_H 1
#define HAVE_SYS_STAT_H 1
#define HAVE_STDLIB_H 1
#define HAVE_STRING_H 1
#define HAVE_MEMORY_H 1
#define HAVE_STRINGS_H 1
#define HAVE_INTTYPES_H 1
#define HAVE_STDINT_H 1
#define HAVE_UNISTD_H 1
#define __EXTENSIONS__ 1
#define _ALL_SOURCE 1
#define _GNU_SOURCE 1
#define _POSIX_PTHREAD_SEMANTICS 1
#define _TANDEM_SOURCE 1
#define HAVE_DLFCN_H 1
#define LT_OBJDIR ".libs/"
#define STDC_HEADERS 1
#define HAVE_STDLIB_H 1
#define HAVE_STRING_H 1
#define HAVE_ERRNO_H 1
#define HAVE_UNISTD_H 1
#define HAVE_DAEMON 1
#define HAVE_SETSID 1
#define GETTEXT_PACKAGE "xfce4-appfinder"
#define HAVE_LOCALE_H 1
#define HAVE_LC_MESSAGES 1
#define HAVE_BIND_TEXTDOMAIN_CODESET 1
#define HAVE_GETTEXT 1
#define HAVE_DCGETTEXT 1
#define ENABLE_NLS 1

configure: exit 0
